<?xml version="1.0" encoding="UTF-8"?>
<!-- Generated by org.testng.reporters.JUnitReportReporter -->
<testsuite ignored="0" hostname="Bartek_Komputer" failures="0" tests="3" name="testing.LoginExample" time="2.835" errors="0" timestamp="05 sie 2019 12:28:36 GMT" skipped="0">
  <testcase classname="testing.LoginExample" name="login" time="0.875"/>
  <testcase classname="testing.LoginExample" name="login" time="1.060"/>
  <testcase classname="testing.LoginExample" name="login" time="0.900"/>
</testsuite> <!-- testing.LoginExample -->
