<?xml version="1.0" encoding="UTF-8"?>
<!-- Generated by org.testng.reporters.JUnitReportReporter -->
<testsuite ignored="0" hostname="Bartek_Komputer" failures="0" tests="1" name="testing.JavaScriptAlertsExample" time="0.744" errors="0" timestamp="05 sie 2019 11:43:09 GMT" skipped="0">
  <testcase classname="testing.JavaScriptAlertsExample" name="javaScriptAlerts" time="0.744"/>
</testsuite> <!-- testing.JavaScriptAlertsExample -->
