<?xml version="1.0" encoding="UTF-8"?>
<!-- Generated by org.testng.reporters.JUnitReportReporter -->
<testsuite ignored="0" hostname="Bartek_Komputer" failures="0" tests="1" name="testing.DynamicControlsExample" time="4.366" errors="0" timestamp="05 sie 2019 12:36:49 GMT" skipped="0">
  <testcase classname="testing.DynamicControlsExample" name="dynamicControls" time="4.366"/>
</testsuite> <!-- testing.DynamicControlsExample -->
