<?xml version="1.0" encoding="UTF-8"?>
<!-- Generated by org.testng.reporters.JUnitReportReporter -->
<testsuite ignored="0" hostname="Bartek_Komputer" failures="0" tests="1" name="testing.FramesExample" time="0.160" errors="0" timestamp="05 sie 2019 11:43:09 GMT" skipped="0">
  <testcase classname="testing.FramesExample" name="frames" time="0.160"/>
</testsuite> <!-- testing.FramesExample -->
