<?xml version="1.0" encoding="UTF-8"?>
<!-- Generated by org.testng.reporters.JUnitReportReporter -->
<testsuite hostname="Bartek_Komputer" failures="0" tests="3" name="testing.LoginExample" time="22.770" errors="0" timestamp="05 sie 2019 14:24:11 GMT" skipped="0">
  <testcase classname="testing.LoginExample" name="login" time="10.748"/>
  <testcase classname="testing.LoginExample" name="login" time="1.042"/>
  <testcase classname="testing.LoginExample" name="login" time="10.980"/>
</testsuite> <!-- testing.LoginExample -->
