<?xml version="1.0" encoding="UTF-8"?>
<!-- Generated by org.testng.reporters.JUnitReportReporter -->
<testsuite hostname="Bartek_Komputer" failures="0" tests="1" name="testing.DissElementsExample" time="1.837" errors="0" timestamp="05 sie 2019 14:24:11 GMT" skipped="0">
  <testcase classname="testing.DissElementsExample" name="galleryCheck" time="1.837"/>
</testsuite> <!-- testing.DissElementsExample -->
