<?xml version="1.0" encoding="UTF-8"?>
<!-- Generated by org.testng.reporters.JUnitReportReporter -->
<testsuite hostname="Bartek_Komputer" failures="0" tests="1" name="testing.DynamicControlsExample" time="3.820" errors="0" timestamp="05 sie 2019 14:24:11 GMT" skipped="0">
  <testcase classname="testing.DynamicControlsExample" name="dynamicControls" time="3.820"/>
</testsuite> <!-- testing.DynamicControlsExample -->
